<?xml version="1.0" encoding="UTF-8"?>
<!-- Generated by org.testng.reporters.JUnitReportReporter -->
<testsuite hostname="admin" name="scripts.Acti_test" tests="1" failures="0" timestamp="2 Nov 2019 06:11:59 GMT" time="52.858" errors="0">
  <testcase name="login" time="52.858" classname="scripts.Acti_test"/>
</testsuite> <!-- scripts.Acti_test -->
